2025-11-24 01:17:17,978 [INFO] Activator:176 - 


2025-11-24 01:17:17,978 [INFO] Activator:177 - !SESSION log4j initialized
2025-11-24 01:17:20,243 [INFO] LogOutputStream:77 - [STDOUT_REDIRECT] 
2025-11-24 01:17:22,838 [INFO] ApplicationProperties:184 - Using Application install path: C:\ST\STM32CubeIDE_1.19.0\STM32CubeIDE\plugins\com.st.stm32cube.common.mx_6.15.0.202507011659
2025-11-24 01:17:22,852 [INFO] DbMcusXml:78 - Set database path to: C:\ST\STM32CubeIDE_1.19.0\STM32CubeIDE\plugins\com.st.stm32cube.common.mx_6.15.0.202507011659\\db\/mcu/
2025-11-24 01:17:22,853 [INFO] ApiDb:274 - Set plugin database path to: C:\ST\STM32CubeIDE_1.19.0\STM32CubeIDE\plugins\com.st.stm32cube.common.mx_6.15.0.202507011659\\db\/plugins/boardmanager/
2025-11-24 01:17:22,853 [WARN] ApiDb:259 - Overriding images path with different value:  => C:\ST\STM32CubeIDE_1.19.0\STM32CubeIDE\plugins\com.st.stm32cube.common.mx_6.15.0.202507011659\\db\/plugins/mcufinder/images/
2025-11-24 01:17:22,858 [INFO] ApiDb:250 - Set database path to: C:\Users\Thao Ngoc\.stmcufinder\plugins\mcufinder//mcu/
2025-11-24 01:17:22,858 [INFO] DbMcusAds:125 - Set database path to: C:\Users\Thao Ngoc\.stmcufinder\plugins\mcufinder//mcu/
2025-11-24 01:17:23,598 [INFO] CrossReferenceDbSqlite:203 - Set database path to: C:\Users\Thao Ngoc\.stmcufinder\plugins\mcufinder//mcu/cs/
2025-11-24 01:17:23,704 [INFO] RulesReader:64 - Compatibility file has been processed (317 Rules)
2025-11-24 01:17:23,784 [INFO] DbMcusXml:78 - Set database path to: C:\ST\STM32CubeIDE_1.19.0\STM32CubeIDE\plugins\com.st.stm32cube.common.mx_6.15.0.202507011659\\db\/mcu/
2025-11-24 01:17:23,784 [INFO] ApiDb:274 - Set plugin database path to: C:\ST\STM32CubeIDE_1.19.0\STM32CubeIDE\plugins\com.st.stm32cube.common.mx_6.15.0.202507011659\\db\/plugins/boardmanager/
2025-11-24 01:17:23,785 [INFO] ApiDb:261 - Set plugin images path to: C:\ST\STM32CubeIDE_1.19.0\STM32CubeIDE\plugins\com.st.stm32cube.common.mx_6.15.0.202507011659\\db\/plugins/mcufinder/images/
2025-11-24 01:17:23,785 [WARN] DbFile:41 - Overriding database path with different value: C:\Users\Thao Ngoc\.stmcufinder\plugins\mcufinder/ => C:\Users\Thao Ngoc\.stmcufinder\plugins\mcufinder
2025-11-24 01:17:23,785 [INFO] ApiDb:250 - Set database path to: C:\Users\Thao Ngoc\.stmcufinder\plugins\mcufinder//mcu/
2025-11-24 01:17:23,785 [WARN] DbFile:41 - Overriding database path with different value: C:\Users\Thao Ngoc\.stmcufinder\plugins\mcufinder/ => C:\Users\Thao Ngoc\.stmcufinder\plugins\mcufinder
2025-11-24 01:17:23,785 [INFO] DbMcusAds:125 - Set database path to: C:\Users\Thao Ngoc\.stmcufinder\plugins\mcufinder//mcu/
2025-11-24 01:17:23,785 [WARN] DbFile:41 - Overriding database path with different value: C:\Users\Thao Ngoc\.stmcufinder\plugins\mcufinder/ => C:\Users\Thao Ngoc\.stmcufinder\plugins\mcufinder
2025-11-24 01:17:23,785 [WARN] DbFile:41 - Overriding database path with different value: C:\Users\Thao Ngoc\.stmcufinder\plugins\mcufinder/ => C:\Users\Thao Ngoc\.stmcufinder\plugins\mcufinder
2025-11-24 01:17:24,611 [INFO] CrossReferenceDbSqlite:203 - Set database path to: C:\Users\Thao Ngoc\.stmcufinder\plugins\mcufinder//mcu/cs/
2025-11-24 01:17:24,677 [INFO] MainPanel:274 - HeapMemory: 268435456
2025-11-24 01:17:24,754 [INFO] DbMcusXml:78 - Set database path to: C:\ST\STM32CubeIDE_1.19.0\STM32CubeIDE\plugins\com.st.stm32cube.common.mx_6.15.0.202507011659\\db\/mcu/
2025-11-24 01:17:24,754 [INFO] ApiDb:274 - Set plugin database path to: C:\ST\STM32CubeIDE_1.19.0\STM32CubeIDE\plugins\com.st.stm32cube.common.mx_6.15.0.202507011659\\db\/plugins/boardmanager/
2025-11-24 01:17:24,754 [INFO] ApiDb:261 - Set plugin images path to: C:\ST\STM32CubeIDE_1.19.0\STM32CubeIDE\plugins\com.st.stm32cube.common.mx_6.15.0.202507011659\\db\/plugins/mcufinder/images/
2025-11-24 01:17:24,755 [WARN] DbFile:41 - Overriding database path with different value: C:\Users\Thao Ngoc\.stmcufinder\plugins\mcufinder/ => C:\Users\Thao Ngoc\.stmcufinder\plugins\mcufinder
2025-11-24 01:17:24,755 [INFO] ApiDb:250 - Set database path to: C:\Users\Thao Ngoc\.stmcufinder\plugins\mcufinder//mcu/
2025-11-24 01:17:24,755 [WARN] DbFile:41 - Overriding database path with different value: C:\Users\Thao Ngoc\.stmcufinder\plugins\mcufinder/ => C:\Users\Thao Ngoc\.stmcufinder\plugins\mcufinder
2025-11-24 01:17:24,755 [INFO] DbMcusAds:125 - Set database path to: C:\Users\Thao Ngoc\.stmcufinder\plugins\mcufinder//mcu/
2025-11-24 01:17:24,755 [WARN] DbFile:41 - Overriding database path with different value: C:\Users\Thao Ngoc\.stmcufinder\plugins\mcufinder/ => C:\Users\Thao Ngoc\.stmcufinder\plugins\mcufinder
2025-11-24 01:17:24,755 [WARN] DbFile:41 - Overriding database path with different value: C:\Users\Thao Ngoc\.stmcufinder\plugins\mcufinder/ => C:\Users\Thao Ngoc\.stmcufinder\plugins\mcufinder
2025-11-24 01:17:25,608 [INFO] CrossReferenceDbSqlite:203 - Set database path to: C:\Users\Thao Ngoc\.stmcufinder\plugins\mcufinder//mcu/cs/
2025-11-24 01:17:25,633 [INFO] ApplicationProperties:184 - Using Application install path: C:\ST\STM32CubeIDE_1.19.0\STM32CubeIDE\plugins\com.st.stm32cube.common.mx_6.15.0.202507011659
2025-11-24 01:17:25,634 [INFO] PluginManage:196 - Search for loadable plugins [exclusion list=, ]
2025-11-24 01:17:25,635 [INFO] PluginManage:310 - Check plugin analytics
2025-11-24 01:17:26,668 [INFO] AnalyticsPlugin:253 - Accepted Software Licenses: 
2025-11-24 01:17:26,668 [INFO] AnalyticsPlugin:255 - Accepted CMSIS Pack Licenses: 
2025-11-24 01:17:26,669 [INFO] AnalyticsPlugin:257 - Accepted Firmware Licenses: 
2025-11-24 01:17:26,695 [INFO] PluginManage:359 - Loaded plugin analytics (category:tool,tabindex:-1)
2025-11-24 01:17:26,695 [INFO] PluginManage:310 - Check plugin cadmodel
2025-11-24 01:17:26,702 [INFO] CADModel:105 - Init CAD model plugin
2025-11-24 01:17:26,702 [INFO] PluginManage:359 - Loaded plugin cadmodel (category:power,tabindex:5)
2025-11-24 01:17:26,702 [INFO] PluginManage:310 - Check plugin clock
2025-11-24 01:17:26,715 [INFO] PluginManage:359 - Loaded plugin clock (category:base,tabindex:2)
2025-11-24 01:17:26,715 [INFO] PluginManage:310 - Check plugin ddr
2025-11-24 01:17:26,718 [INFO] PluginManage:359 - Loaded plugin ddr (category:tool,tabindex:6)
2025-11-24 01:17:26,718 [INFO] PluginManage:310 - Check plugin filemanager
2025-11-24 01:17:26,934 [INFO] PluginManage:359 - Loaded plugin filemanager (category:base,tabindex:10)
2025-11-24 01:17:26,934 [INFO] PluginManage:310 - Check plugin ipmanager
2025-11-24 01:17:26,941 [INFO] PluginManage:359 - Loaded plugin ipmanager (category:base,tabindex:5)
2025-11-24 01:17:26,941 [INFO] PluginManage:310 - Check plugin lpbam
2025-11-24 01:17:26,949 [INFO] PluginManage:359 - Loaded plugin lpbam (category:base,tabindex:0)
2025-11-24 01:17:26,949 [INFO] PluginManage:310 - Check plugin memorymap
2025-11-24 01:17:26,965 [INFO] PluginManage:359 - Loaded plugin memorymap (category:base,tabindex:4)
2025-11-24 01:17:26,965 [INFO] PluginManage:310 - Check plugin pinoutandconfiguration
2025-11-24 01:17:26,973 [INFO] PluginManage:359 - Loaded plugin pinoutandconfiguration (category:base,tabindex:1)
2025-11-24 01:17:26,974 [INFO] PluginManage:310 - Check plugin pinoutconfig
2025-11-24 01:17:27,057 [WARN] SupportedApi:132 - Cannot load RTOS API schema: s4s-elt-must-match.1: The content of 'definitions' must match (annotation?, (simpleType | complexType)?, (unique | key | keyref)*)). A problem was found starting at: attribute.
2025-11-24 01:17:27,170 [INFO] PluginManage:359 - Loaded plugin pinoutconfig (category:base,tabindex:0)
2025-11-24 01:17:27,170 [INFO] PluginManage:310 - Check plugin power
2025-11-24 01:17:27,176 [INFO] PluginManage:359 - Loaded plugin power (category:power,tabindex:4)
2025-11-24 01:17:27,176 [INFO] PluginManage:310 - Check plugin projectmanager
2025-11-24 01:17:27,190 [INFO] PluginManage:359 - Loaded plugin projectmanager (category:projectmanager,tabindex:4)
2025-11-24 01:17:27,190 [INFO] PluginManage:310 - Check plugin rif
2025-11-24 01:17:27,197 [INFO] PluginManage:359 - Loaded plugin rif (category:base,tabindex:3)
2025-11-24 01:17:27,198 [INFO] PluginManage:310 - Check plugin thirdparty
2025-11-24 01:17:27,305 [INFO] PluginManage:359 - Loaded plugin thirdparty (category:base,tabindex:-1)
2025-11-24 01:17:27,306 [INFO] PluginManage:310 - Check plugin tools
2025-11-24 01:17:27,306 [WARN] IntegrityCheckThread:84 - waiting for thirdparty lock release [integrity check]
2025-11-24 01:17:27,307 [INFO] IntegrityCheckThread:86 - entering critical section [integrity check]
2025-11-24 01:17:27,307 [INFO] ThirdPartyUpdaterWithRetryManager:70 - Updater plugin not ready yet. [1/15]
2025-11-24 01:17:27,308 [INFO] PluginManage:359 - Loaded plugin tools (category:base,tabindex:7)
2025-11-24 01:17:27,308 [INFO] PluginManage:310 - Check plugin tutovideos
2025-11-24 01:17:27,460 [INFO] PluginManage:359 - Loaded plugin tutovideos (category:base,tabindex:-1)
2025-11-24 01:17:27,461 [INFO] PluginManage:310 - Check plugin updater
2025-11-24 01:17:27,478 [INFO] PluginManage:359 - Loaded plugin updater (category:base,tabindex:12)
2025-11-24 01:17:27,478 [INFO] PluginManage:310 - Check plugin userauth
2025-11-24 01:17:27,481 [INFO] UserAuth:118 - Init User Auth plugin
2025-11-24 01:17:27,481 [INFO] PluginManage:359 - Loaded plugin userauth (category:base,tabindex:14)
2025-11-24 01:17:27,482 [INFO] PluginManage:283 - PluginManage : Loaded plugins [18]
2025-11-24 01:17:27,660 [INFO] PinOutPanel:1589 - setPackage(No Configuration,No Configuration)
2025-11-24 01:17:27,728 [INFO] CADModel:165 - CPN selected for project level
2025-11-24 01:17:27,729 [INFO] CADModel:114 - Register for checkConnection events
2025-11-24 01:17:27,740 [INFO] IPUIPlugin:80 - create IPUIPlugin
2025-11-24 01:17:27,741 [INFO] PluginManager:220 - loadIPPluginJar : add adc
2025-11-24 01:17:27,742 [INFO] IPUIPlugin:80 - create IPUIPlugin
2025-11-24 01:17:27,742 [INFO] PluginManager:220 - loadIPPluginJar : add aes
2025-11-24 01:17:27,745 [INFO] IPUIPlugin:80 - create IPUIPlugin
2025-11-24 01:17:27,745 [INFO] PluginManager:220 - loadIPPluginJar : add can
2025-11-24 01:17:27,746 [INFO] IPUIPlugin:80 - create IPUIPlugin
2025-11-24 01:17:27,747 [INFO] PluginManager:220 - loadIPPluginJar : add comp
2025-11-24 01:17:27,748 [INFO] IPUIPlugin:80 - create IPUIPlugin
2025-11-24 01:17:27,748 [INFO] PluginManager:220 - loadIPPluginJar : add cryp
2025-11-24 01:17:27,749 [INFO] IPUIPlugin:80 - create IPUIPlugin
2025-11-24 01:17:27,750 [INFO] PluginManager:220 - loadIPPluginJar : add ddr_ctrl_phy
2025-11-24 01:17:27,751 [INFO] IPUIPlugin:80 - create IPUIPlugin
2025-11-24 01:17:27,751 [INFO] PluginManager:220 - loadIPPluginJar : add dfsdm
2025-11-24 01:17:27,756 [INFO] IPUIPlugin:80 - create IPUIPlugin
2025-11-24 01:17:27,756 [INFO] PluginManager:220 - loadIPPluginJar : add dma
2025-11-24 01:17:27,758 [INFO] IPUIPlugin:80 - create IPUIPlugin
2025-11-24 01:17:27,758 [INFO] PluginManager:220 - loadIPPluginJar : add dma3
2025-11-24 01:17:27,761 [INFO] IPUIPlugin:80 - create IPUIPlugin
2025-11-24 01:17:27,761 [INFO] PluginManager:220 - loadIPPluginJar : add extmemmanager
2025-11-24 01:17:27,762 [INFO] IPUIPlugin:80 - create IPUIPlugin
2025-11-24 01:17:27,762 [INFO] PluginManager:220 - loadIPPluginJar : add fatfs
2025-11-24 01:17:27,765 [INFO] IPUIPlugin:80 - create IPUIPlugin
2025-11-24 01:17:27,765 [INFO] PluginManager:220 - loadIPPluginJar : add fmc
2025-11-24 01:17:27,770 [INFO] IPUIPlugin:80 - create IPUIPlugin
2025-11-24 01:17:27,770 [INFO] PluginManager:220 - loadIPPluginJar : add freertos
2025-11-24 01:17:27,771 [INFO] IPUIPlugin:80 - create IPUIPlugin
2025-11-24 01:17:27,771 [INFO] PluginManager:220 - loadIPPluginJar : add genericplugin
2025-11-24 01:17:27,772 [INFO] IPUIPlugin:80 - create IPUIPlugin
2025-11-24 01:17:27,772 [INFO] PluginManager:220 - loadIPPluginJar : add gfxmmu
2025-11-24 01:17:27,776 [INFO] IPUIPlugin:80 - create IPUIPlugin
2025-11-24 01:17:27,776 [INFO] PluginManager:220 - loadIPPluginJar : add gic
2025-11-24 01:17:27,780 [INFO] IPUIPlugin:80 - create IPUIPlugin
2025-11-24 01:17:27,780 [INFO] PluginManager:220 - loadIPPluginJar : add gpio
2025-11-24 01:17:27,781 [INFO] IPUIPlugin:80 - create IPUIPlugin
2025-11-24 01:17:27,781 [INFO] PluginManager:220 - loadIPPluginJar : add gtzc
2025-11-24 01:17:27,783 [INFO] IPUIPlugin:80 - create IPUIPlugin
2025-11-24 01:17:27,783 [INFO] PluginManager:220 - loadIPPluginJar : add hash
2025-11-24 01:17:27,786 [INFO] IPUIPlugin:80 - create IPUIPlugin
2025-11-24 01:17:27,786 [INFO] PluginManager:220 - loadIPPluginJar : add i2c
2025-11-24 01:17:27,788 [INFO] IPUIPlugin:80 - create IPUIPlugin
2025-11-24 01:17:27,788 [INFO] PluginManager:220 - loadIPPluginJar : add i2s
2025-11-24 01:17:27,790 [INFO] IPUIPlugin:80 - create IPUIPlugin
2025-11-24 01:17:27,790 [INFO] PluginManager:220 - loadIPPluginJar : add i3c
2025-11-24 01:17:27,793 [INFO] IPUIPlugin:80 - create IPUIPlugin
2025-11-24 01:17:27,793 [INFO] PluginManager:220 - loadIPPluginJar : add ipddr
2025-11-24 01:17:27,798 [INFO] IPUIPlugin:80 - create IPUIPlugin
2025-11-24 01:17:27,798 [INFO] PluginManager:220 - loadIPPluginJar : add linkedlist
2025-11-24 01:17:27,800 [INFO] IPUIPlugin:80 - create IPUIPlugin
2025-11-24 01:17:27,800 [INFO] PluginManager:220 - loadIPPluginJar : add lorawan
2025-11-24 01:17:27,801 [INFO] IPUIPlugin:80 - create IPUIPlugin
2025-11-24 01:17:27,801 [INFO] PluginManager:220 - loadIPPluginJar : add ltdc
2025-11-24 01:17:27,805 [INFO] IPUIPlugin:80 - create IPUIPlugin
2025-11-24 01:17:27,805 [INFO] PluginManager:220 - loadIPPluginJar : add mdma
2025-11-24 01:17:27,810 [INFO] IPUIPlugin:80 - create IPUIPlugin
2025-11-24 01:17:27,810 [INFO] PluginManager:220 - loadIPPluginJar : add nvic
2025-11-24 01:17:27,812 [INFO] IPUIPlugin:80 - create IPUIPlugin
2025-11-24 01:17:27,812 [INFO] PluginManager:220 - loadIPPluginJar : add opamp
2025-11-24 01:17:27,814 [INFO] IPUIPlugin:80 - create IPUIPlugin
2025-11-24 01:17:27,814 [INFO] PluginManager:220 - loadIPPluginJar : add openamp
2025-11-24 01:17:27,817 [INFO] IPUIPlugin:80 - create IPUIPlugin
2025-11-24 01:17:27,817 [INFO] PluginManager:220 - loadIPPluginJar : add pdm2pcm
2025-11-24 01:17:27,823 [INFO] IPUIPlugin:80 - create IPUIPlugin
2025-11-24 01:17:27,825 [INFO] PluginManager:220 - loadIPPluginJar : add plateformsettings
2025-11-24 01:17:27,828 [INFO] IPUIPlugin:80 - create IPUIPlugin
2025-11-24 01:17:27,828 [INFO] PluginManager:220 - loadIPPluginJar : add quadspi
2025-11-24 01:17:27,830 [INFO] IPUIPlugin:80 - create IPUIPlugin
2025-11-24 01:17:27,831 [INFO] PluginManager:220 - loadIPPluginJar : add radio
2025-11-24 01:17:27,833 [INFO] IPUIPlugin:80 - create IPUIPlugin
2025-11-24 01:17:27,833 [INFO] PluginManager:220 - loadIPPluginJar : add resmgrutility
2025-11-24 01:17:27,836 [INFO] IPUIPlugin:80 - create IPUIPlugin
2025-11-24 01:17:27,836 [INFO] PluginManager:220 - loadIPPluginJar : add sai
2025-11-24 01:17:27,838 [INFO] IPUIPlugin:80 - create IPUIPlugin
2025-11-24 01:17:27,838 [INFO] PluginManager:220 - loadIPPluginJar : add spi
2025-11-24 01:17:27,842 [INFO] IPUIPlugin:80 - create IPUIPlugin
2025-11-24 01:17:27,844 [INFO] PluginManager:220 - loadIPPluginJar : add stm32_wpan
2025-11-24 01:17:27,845 [INFO] IPUIPlugin:80 - create IPUIPlugin
2025-11-24 01:17:27,845 [INFO] PluginManager:220 - loadIPPluginJar : add tim
2025-11-24 01:17:27,848 [INFO] IPUIPlugin:80 - create IPUIPlugin
2025-11-24 01:17:27,848 [INFO] PluginManager:220 - loadIPPluginJar : add touchsensing
2025-11-24 01:17:27,850 [INFO] IPUIPlugin:80 - create IPUIPlugin
2025-11-24 01:17:27,850 [INFO] PluginManager:220 - loadIPPluginJar : add tracer_emb
2025-11-24 01:17:27,851 [INFO] IPUIPlugin:80 - create IPUIPlugin
2025-11-24 01:17:27,851 [INFO] PluginManager:220 - loadIPPluginJar : add ts
2025-11-24 01:17:27,852 [INFO] IPUIPlugin:80 - create IPUIPlugin
2025-11-24 01:17:27,852 [INFO] PluginManager:220 - loadIPPluginJar : add tsc
2025-11-24 01:17:27,854 [INFO] IPUIPlugin:80 - create IPUIPlugin
2025-11-24 01:17:27,855 [INFO] PluginManager:220 - loadIPPluginJar : add ucpd
2025-11-24 01:17:27,857 [INFO] IPUIPlugin:80 - create IPUIPlugin
2025-11-24 01:17:27,857 [INFO] PluginManager:220 - loadIPPluginJar : add usart
2025-11-24 01:17:27,861 [INFO] IPUIPlugin:80 - create IPUIPlugin
2025-11-24 01:17:27,861 [INFO] PluginManager:220 - loadIPPluginJar : add usbx
2025-11-24 01:17:27,984 [FATAL] Updater:351 - Updater called before beeing initialized
2025-11-24 01:17:28,007 [INFO] RulesReader:64 - Compatibility file has been processed (317 Rules)
2025-11-24 01:17:28,015 [INFO] RulesReader:64 - Compatibility file has been processed (317 Rules)
2025-11-24 01:17:28,023 [INFO] CADModel:165 - CPN selected for project level
2025-11-24 01:17:28,023 [INFO] CADModel:114 - Register for checkConnection events
2025-11-24 01:17:28,023 [FATAL] Updater:351 - Updater called before beeing initialized
2025-11-24 01:17:28,024 [ERROR] CADModel:125 - Updater not yet initialized, retry later 
2025-11-24 01:17:28,146 [FATAL] Updater:351 - Updater called before beeing initialized
2025-11-24 01:17:28,147 [INFO] CADModel:165 - CPN selected for project level
2025-11-24 01:17:28,147 [INFO] CADModel:114 - Register for checkConnection events
2025-11-24 01:17:28,147 [FATAL] Updater:351 - Updater called before beeing initialized
2025-11-24 01:17:28,147 [ERROR] CADModel:125 - Updater not yet initialized, retry later 
2025-11-24 01:17:28,149 [FATAL] Updater:351 - Updater called before beeing initialized
2025-11-24 01:17:28,239 [FATAL] Updater:351 - Updater called before beeing initialized
2025-11-24 01:17:28,242 [INFO] DbMcusAds:53 - JSON generation date=Mon Nov 10 17:43:01 ICT 2025 (1762771381096)
2025-11-24 01:17:28,242 [FATAL] Updater:351 - Updater called before beeing initialized
2025-11-24 01:17:28,271 [WARN] DetailPanel:346 - Failed to get advertising image, set to default
2025-11-24 01:17:28,339 [FATAL] Updater:351 - Updater called before beeing initialized
2025-11-24 01:17:28,341 [FATAL] Updater:351 - Updater called before beeing initialized
2025-11-24 01:17:28,341 [FATAL] Updater:351 - Updater called before beeing initialized
2025-11-24 01:17:28,341 [WARN] DetailPanel:346 - Failed to get advertising image, set to default
2025-11-24 01:17:28,341 [FATAL] Updater:351 - Updater called before beeing initialized
2025-11-24 01:17:28,381 [ERROR] Updater:1198 - MainUpdater not yet initialized. External WinMGr cannot be set.
2025-11-24 01:17:28,384 [INFO] Updater:1134 - Updater Version found : 6.15.0
2025-11-24 01:17:28,398 [INFO] ApplicationProperties:184 - Using Application install path: C:\ST\STM32CubeIDE_1.19.0\STM32CubeIDE\plugins\com.st.stm32cube.common.mx_6.15.0.202507011659
2025-11-24 01:17:29,984 [ERROR] LogOutputStream:75 - [STDERR_REDIRECT] Nov 24, 2025 1:17:29 AM java.util.prefs.WindowsPreferences <init>
2025-11-24 01:17:29,985 [ERROR] LogOutputStream:75 - [STDERR_REDIRECT] WARNING: Could not open/create prefs root node Software\JavaSoft\Prefs at root 0xffffffff80000002. Windows RegCreateKeyEx(...) returned error code 5.
2025-11-24 01:17:29,986 [ERROR] LogOutputStream:75 - [STDERR_REDIRECT] 
2025-11-24 01:17:30,313 [INFO] ThirdPartyUpdaterWithRetryManager:70 - Updater plugin not ready yet. [2/15]
2025-11-24 01:17:30,322 [INFO] MainUpdater:2872 - connection check result : 10
2025-11-24 01:17:30,323 [INFO] MainUpdater:289 - Updater Check For Update Now.
2025-11-24 01:17:30,323 [INFO] MicroXplorer:498 - Change Database Version : DB.6.0.150
2025-11-24 01:17:30,329 [INFO] McuFinderGlobals:63 - Set McuFinder mode to 2 (CubeIDE integrated)
2025-11-24 01:17:30,330 [INFO] UserAuth:487 - Internet connection configuration mode: 1
2025-11-24 01:17:30,346 [INFO] JxBrowserEngine:152 - Initiate JxBrowser Engine with user profile folder
2025-11-24 01:17:30,491 [INFO] CheckServerUpdateThread:120 - End of CheckServer Thread
2025-11-24 01:17:31,071 [INFO] WebApp:169 - Instantiating new browser for Auth
2025-11-24 01:17:31,696 [INFO] WebApp:463 - Apply proxy settings
2025-11-24 01:17:31,696 [INFO] WebApp:548 - Chromium requires no authentication
2025-11-24 01:17:31,703 [INFO] WebApp:491 - Direct internet connection detected
2025-11-24 01:17:31,725 [INFO] WebApp:900 - Register for checkConnection events
2025-11-24 01:17:31,725 [INFO] WebApp:463 - Apply proxy settings
2025-11-24 01:17:31,726 [INFO] WebApp:548 - Chromium requires no authentication
2025-11-24 01:17:31,726 [INFO] WebApp:491 - Direct internet connection detected
2025-11-24 01:17:31,860 [INFO] WebApp:225 - Starting web application
2025-11-24 01:17:31,861 [INFO] WebApp:593 - Web application path used C:\ST\STM32CubeIDE_1.19.0\STM32CubeIDE\plugins\com.st.stm32cube.common.mx_6.15.0.202507011659\db\plugins\mcufinder\reactClient1\index.html
2025-11-24 01:17:31,933 [INFO] UserAuth:487 - Internet connection configuration mode: 1
2025-11-24 01:17:32,135 [INFO] WebApp:191 - Connection restablished
2025-11-24 01:17:33,525 [WARN] PackLoader:240 - Cannot read IP mode file for STMicroelectronics.FP-SNS-MOTENVWB1.1.4.0
2025-11-24 01:17:33,535 [WARN] PackLoader:240 - Cannot read IP mode file for STMicroelectronics.FP-ATR-ASTRA1.2.0.2
2025-11-24 01:17:33,579 [WARN] PackLoader:240 - Cannot read IP mode file for STMicroelectronics.X-CUBE-SMBUS.2.1.0
2025-11-24 01:17:33,587 [WARN] PackLoader:240 - Cannot read IP mode file for STMicroelectronics.X-CUBE-ST60.1.0.0
2025-11-24 01:17:33,632 [WARN] PackLoader:240 - Cannot read IP mode file for STMicroelectronics.X-CUBE-AZRTOS-F7.1.1.0
2025-11-24 01:17:33,643 [WARN] PackLoader:240 - Cannot read IP mode file for STMicroelectronics.FP-SNS-MOTENV1.5.1.0
2025-11-24 01:17:33,661 [WARN] PackLoader:240 - Cannot read IP mode file for WES.I-CUBE-Cesium.1.4.0
2025-11-24 01:17:33,741 [WARN] PackLoader:240 - Cannot read IP mode file for Infineon.AIROC-Wi-Fi-Bluetooth-STM32.1.7.1
2025-11-24 01:17:33,782 [WARN] PackLoader:240 - Cannot read IP mode file for STMicroelectronics.X-CUBE-AZRTOS-H7.3.4.0
2025-11-24 01:17:33,802 [WARN] PackLoader:240 - Cannot read IP mode file for STMicroelectronics.X-CUBE-DISPLAY.3.0.0
2025-11-24 01:17:33,817 [WARN] PackLoader:240 - Cannot read IP mode file for STMicroelectronics.X-CUBE-NFC10.1.0.0
2025-11-24 01:17:33,824 [WARN] PackLoader:240 - Cannot read IP mode file for STMicroelectronics.X-CUBE-ST60.1.1.0
2025-11-24 01:17:33,831 [WARN] PackLoader:240 - Cannot read IP mode file for emotas.I-CUBE-CANOPEN.1.3.0
2025-11-24 01:17:33,837 [WARN] PackLoader:240 - Cannot read IP mode file for STMicroelectronics.X-CUBE-GNSS1.7.1.0
2025-11-24 01:17:33,847 [WARN] PackLoader:240 - Cannot read IP mode file for STMicroelectronics.FP-SNS-STBOX1.2.1.0
2025-11-24 01:17:33,854 [WARN] PackLoader:240 - Cannot read IP mode file for STMicroelectronics.FP-SNS-SMARTAG2.1.2.0
2025-11-24 01:17:33,859 [WARN] PackLoader:240 - Cannot read IP mode file for STMicroelectronics.FP-SNS-FLIGHT1.5.1.0
2025-11-24 01:17:33,867 [INFO] LogOutputStream:77 - [STDOUT_REDIRECT] 1 : Invalid condition id : UX_CORESTACK_Condition cause : null
2025-11-24 01:17:33,867 [INFO] LogOutputStream:77 - [STDOUT_REDIRECT] 1 : Invalid condition id : UX_CORESTACK_Condition cause : null
2025-11-24 01:17:33,869 [INFO] LogOutputStream:77 - [STDOUT_REDIRECT] 1 : Invalid condition id : UX_CORESTACK_Condition cause : null
2025-11-24 01:17:33,870 [INFO] LogOutputStream:77 - [STDOUT_REDIRECT] 1 : Invalid condition id : UX_CORESTACK_Condition cause : null
2025-11-24 01:17:33,871 [INFO] LogOutputStream:77 - [STDOUT_REDIRECT] 1 : Invalid condition id : UX_CORESTACK_Condition cause : null
2025-11-24 01:17:33,873 [WARN] PackLoader:240 - Cannot read IP mode file for STMicroelectronics.X-CUBE-AZRTOS-WL.2.0.0
2025-11-24 01:17:33,879 [WARN] PackLoader:240 - Cannot read IP mode file for STMicroelectronics.FP-SNS-MOTENV1.5.0.0
2025-11-24 01:17:33,886 [WARN] PackLoader:240 - Cannot read IP mode file for STMicroelectronics.X-CUBE-BLE2.3.3.0
2025-11-24 01:17:33,913 [WARN] PackLoader:240 - Cannot read IP mode file for STMicroelectronics.X-CUBE-NFC9.1.0.0
2025-11-24 01:17:33,924 [WARN] PackLoader:240 - Cannot read IP mode file for wolfSSL.I-CUBE-wolfSSL.5.8.2
2025-11-24 01:17:33,930 [WARN] PackLoader:240 - Cannot read IP mode file for STMicroelectronics.X-CUBE-BLE1.7.1.0
2025-11-24 01:17:33,936 [WARN] PackLoader:240 - Cannot read IP mode file for wolfSSL.I-CUBE-wolfMQTT.1.19.2
2025-11-24 01:17:33,942 [WARN] PackLoader:240 - Cannot read IP mode file for STMicroelectronics.X-CUBE-EEPRMA1.5.2.0
2025-11-24 01:17:33,950 [WARN] PackLoader:240 - Cannot read IP mode file for STMicroelectronics.X-CUBE-ST67W61.1.1.0
2025-11-24 01:17:33,962 [WARN] PackLoader:240 - Cannot read IP mode file for STMicroelectronics.X-CUBE-AZRTOS-G0.1.1.0
2025-11-24 01:17:33,970 [WARN] PackLoader:240 - Cannot read IP mode file for STMicroelectronics.X-CUBE-SAFEA1.1.2.2
2025-11-24 01:17:33,976 [WARN] PackLoader:240 - Cannot read IP mode file for STMicroelectronics.X-CUBE-NFC4.3.0.0
2025-11-24 01:17:33,982 [WARN] PackLoader:240 - Cannot read IP mode file for EmbeddedOffice.I-CUBE-FS-RTOS.1.0.1
2025-11-24 01:17:33,989 [WARN] PackLoader:240 - Cannot read IP mode file for STMicroelectronics.X-CUBE-WB05N.2.0.0
2025-11-24 01:17:33,995 [WARN] PackLoader:240 - Cannot read IP mode file for wolfSSL.I-CUBE-wolfTPM.3.8.0
2025-11-24 01:17:33,999 [WARN] PackLoader:240 - Cannot read IP mode file for STMicroelectronics.X-CUBE-TCPP.4.2.0
2025-11-24 01:17:34,012 [WARN] PackLoader:240 - Cannot read IP mode file for RealThread.X-CUBE-RT-Thread_Nano.4.1.1
2025-11-24 01:17:34,021 [WARN] PackLoader:240 - Cannot read IP mode file for STMicroelectronics.FP-ATR-SIGFOX1.3.2.0
2025-11-24 01:17:34,031 [WARN] PackLoader:240 - Cannot read IP mode file for ITTIA_DB.I-CUBE-ITTIADB.8.9.0
2025-11-24 01:17:34,043 [WARN] PackLoader:240 - Cannot read IP mode file for STMicroelectronics.X-CUBE-ST67W61.1.0.0
2025-11-24 01:17:34,050 [WARN] PackLoader:240 - Cannot read IP mode file for STMicroelectronics.X-CUBE-AI.10.2.0
2025-11-24 01:17:34,098 [WARN] PackLoader:240 - Cannot read IP mode file for SEGGER.I-CUBE-embOS.1.3.1
2025-11-24 01:17:34,142 [WARN] PackLoader:240 - Cannot read IP mode file for STMicroelectronics.X-CUBE-ALGOBUILD.1.4.0
2025-11-24 01:17:34,173 [WARN] PackLoader:240 - Cannot read IP mode file for STMicroelectronics.X-CUBE-MEMS1.11.3.0
2025-11-24 01:17:34,272 [WARN] PackLoader:240 - Cannot read IP mode file for STMicroelectronics.X-CUBE-PM33A1.1.0.0
2025-11-24 01:17:34,282 [WARN] PackLoader:240 - Cannot read IP mode file for STMicroelectronics.X-CUBE-AZRTOS-F4.1.1.0
2025-11-24 01:17:34,290 [WARN] PackLoader:240 - Cannot read IP mode file for Avnet-IotConnect.X-CUBE-IoTC-DA16k-PMOD.1.0.0
2025-11-24 01:17:34,294 [WARN] PackLoader:240 - Cannot read IP mode file for STMicroelectronics.X-CUBE-ISPU.2.1.0
2025-11-24 01:17:34,304 [WARN] PackLoader:240 - Cannot read IP mode file for STMicroelectronics.X-CUBE-IPS.3.2.0
2025-11-24 01:17:34,314 [WARN] PackLoader:240 - Cannot read IP mode file for STMicroelectronics.X-CUBE-NFC12.1.0.0
2025-11-24 01:17:34,325 [WARN] PackLoader:240 - Cannot read IP mode file for STMicroelectronics.X-CUBE-AZRTOS-L5.2.0.0
2025-11-24 01:17:34,333 [WARN] PackLoader:240 - Cannot read IP mode file for STMicroelectronics.X-CUBE-NFC6.3.1.0
2025-11-24 01:17:34,348 [WARN] PackLoader:240 - Cannot read IP mode file for STMicroelectronics.X-CUBE-FREERTOS.1.3.1
2025-11-24 01:17:34,358 [WARN] PackLoader:240 - Cannot read IP mode file for STMicroelectronics.X-CUBE-TOUCHGFX.4.26.0
2025-11-24 01:17:34,365 [WARN] PackLoader:240 - Cannot read IP mode file for STMicroelectronics.FP-SNS-STAIOTCFT.1.0.0
2025-11-24 01:17:34,372 [WARN] PackLoader:240 - Cannot read IP mode file for STMicroelectronics.X-CUBE-DPower.1.3.0
2025-11-24 01:17:34,385 [WARN] ConditionMgr:438 - getConditionDescription Invalid condition id : LAN8742 Phy interface Condition cause : null
2025-11-24 01:17:34,386 [WARN] PackLoader:240 - Cannot read IP mode file for STMicroelectronics.X-CUBE-AZRTOS-L4.2.0.0
2025-11-24 01:17:34,387 [WARN] ConditionMgr:1044 - genDependencies : Invalid condition id : LAN8742 Phy interface Condition cause : null
2025-11-24 01:17:34,387 [WARN] ConditionMgr:1044 - genDependencies : Invalid condition id : LAN8742 Phy interface Condition cause : null
2025-11-24 01:17:34,387 [WARN] ConditionMgr:1044 - genDependencies : Invalid condition id : LAN8742 Phy interface Condition cause : null
2025-11-24 01:17:34,395 [WARN] PackLoader:240 - Cannot read IP mode file for STMicroelectronics.X-CUBE-SFXS2LP1.4.0.0
2025-11-24 01:17:34,404 [WARN] PackLoader:240 - Cannot read IP mode file for STMicroelectronics.X-CUBE-BLEMGR.4.1.0
2025-11-24 01:17:34,416 [WARN] ConditionMgr:438 - getConditionDescription Invalid condition id : UX DEVICE CLASS RTOS Condition cause : null
2025-11-24 01:17:34,416 [WARN] ConditionMgr:438 - getConditionDescription Invalid condition id : UX DEVICE CLASS RTOS Condition cause : null
2025-11-24 01:17:34,417 [WARN] PackLoader:240 - Cannot read IP mode file for STMicroelectronics.X-CUBE-AZRTOS-WB.2.0.0
2025-11-24 01:17:34,417 [WARN] ConditionMgr:1044 - genDependencies : Invalid condition id : UX DEVICE CLASS RTOS Condition cause : null
2025-11-24 01:17:34,417 [WARN] ConditionMgr:1044 - genDependencies : Invalid condition id : UX DEVICE CLASS RTOS Condition cause : null
2025-11-24 01:17:34,418 [WARN] ConditionMgr:1044 - genDependencies : Invalid condition id : UX DEVICE CLASS RTOS Condition cause : null
2025-11-24 01:17:34,418 [WARN] ConditionMgr:1044 - genDependencies : Invalid condition id : UX DEVICE CLASS RTOS Condition cause : null
2025-11-24 01:17:34,418 [WARN] ConditionMgr:1044 - genDependencies : Invalid condition id : UX DEVICE CLASS RTOS Condition cause : null
2025-11-24 01:17:34,425 [WARN] PackLoader:240 - Cannot read IP mode file for STMicroelectronics.X-CUBE-GNSS1.7.0.1
2025-11-24 01:17:34,429 [WARN] PackLoader:240 - Cannot read IP mode file for STMicroelectronics.X-CUBE-TOUCHGFX.4.25.0
2025-11-24 01:17:34,435 [WARN] ConditionMgr:438 - getConditionDescription Invalid condition id : Cortex-A Device cause : null
2025-11-24 01:17:34,444 [WARN] ConditionMgr:1044 - genDependencies : Invalid condition id : Cortex-A Device cause : null
2025-11-24 01:17:34,444 [WARN] ConditionMgr:1044 - genDependencies : Invalid condition id : Cortex-A Device cause : null
2025-11-24 01:17:34,444 [WARN] ConditionMgr:1044 - genDependencies : Invalid condition id : Cortex-A Device cause : null
2025-11-24 01:17:34,451 [WARN] PackLoader:240 - Cannot read IP mode file for STMicroelectronics.X-CUBE-SUBG2.5.0.0
2025-11-24 01:17:34,468 [WARN] PackLoader:240 - Cannot read IP mode file for STMicroelectronics.X-CUBE-AZRTOS-H7RS.1.1.0
2025-11-24 01:17:34,475 [WARN] PackLoader:240 - Cannot read IP mode file for Cesanta.I-CUBE-Mongoose.7.13.0
2025-11-24 01:17:34,484 [WARN] PackLoader:240 - Cannot read IP mode file for STMicroelectronics.X-CUBE-AZRTOS-G4.2.0.0
2025-11-24 01:17:34,490 [WARN] PackLoader:240 - Cannot read IP mode file for wolfSSL.I-CUBE-wolfSSH.1.4.20
2025-11-24 01:17:34,493 [WARN] PackLoader:240 - Cannot read IP mode file for STMicroelectronics.X-CUBE-NFC7.2.0.0
2025-11-24 01:17:34,502 [WARN] PackLoader:240 - Cannot read IP mode file for STMicroelectronics.X-CUBE-IPS.3.1.0
2025-11-24 01:17:34,510 [WARN] PackLoader:240 - Cannot read IP mode file for STMicroelectronics.X-CUBE-ALS.1.0.2
2025-11-24 01:17:34,517 [WARN] PackLoader:240 - Cannot read IP mode file for STMicroelectronics.X-CUBE-STSE01.1.0.0
2025-11-24 01:17:34,525 [WARN] PackLoader:240 - Cannot read IP mode file for STMicroelectronics.X-CUBE-TOF1.3.4.3
2025-11-24 01:17:34,531 [INFO] ThirdParty:978 - Integrity check success = true
2025-11-24 01:17:34,531 [INFO] IntegrityCheckThread:100 - exiting critical section [integrity check]
2025-11-24 01:17:34,531 [INFO] IntegrityCheckThread:103 - End integrity checks thread
2025-11-24 01:19:51,234 [ERROR] LogOutputStream:75 - [STDERR_REDIRECT] 
2025-11-24 01:19:51,235 [ERROR] LogOutputStream:75 - [STDERR_REDIRECT] 
